# JRE version: OpenJDK Runtime Environment (17.0.7) (build 17.0.7+0-b2043.56-10550314)
# Java VM: OpenJDK 64-Bit Server VM (17.0.7+0-b2043.56-10550314, mixed mode, tiered, compressed oops, compressed class ptrs, g1 gc, windows-amd64)
GC Precious Log:
 CPUs: 16 total, 16 available
 Memory: 15554M
 Large Page Support: Disabled
 NUMA Support: Disabled
 Compressed Oops: Enabled (Zero based)
 Heap Region Size: 2M
 Heap Min Capacity: 8M
 Heap Initial Capacity: 244M
 Heap Max Capacity: 3890M
 Pre-touch: Disabled
 Parallel Workers: 13
 Concurrent Workers: 3
 Concurrent Refinement Workers: 13
 Periodic GC: Disabled
Heap:
 garbage-first heap   total 159744K, used 87157K [0x000000070ce00000, 0x0000000800000000)
  region size 2048K, 2 young (4096K), 2 survivors (4096K)
 Metaspace       used 69366K, committed 69696K, reserved 1114112K
  class space    used 7776K, committed 7936K, reserved 1048576K
GC Heap History (20 events):
Event: 3.990 GC heap after
{Heap after GC invocations=13 (full 0):
 garbage-first heap   total 92160K, used 35571K [0x000000070ce00000, 0x0000000800000000)
  region size 2048K, 2 young (4096K), 2 survivors (4096K)
 Metaspace       used 54796K, committed 54976K, reserved 1114112K
  class space    used 6508K, committed 6592K, reserved 1048576K
}
Event: 4.497 GC heap before
{Heap before GC invocations=13 (full 0):
 garbage-first heap   total 92160K, used 66291K [0x000000070ce00000, 0x0000000800000000)
  region size 2048K, 17 young (34816K), 2 survivors (4096K)
 Metaspace       used 57373K, committed 57600K, reserved 1114112K
  class space    used 6722K, committed 6848K, reserved 1048576K
}
Event: 4.507 GC heap after
{Heap after GC invocations=14 (full 0):
 garbage-first heap   total 92160K, used 41539K [0x000000070ce00000, 0x0000000800000000)
  region size 2048K, 3 young (6144K), 3 survivors (6144K)
 Metaspace       used 57373K, committed 57600K, reserved 1114112K
  class space    used 6722K, committed 6848K, reserved 1048576K
}
Event: 4.707 GC heap before
{Heap before GC invocations=14 (full 0):
 garbage-first heap   total 92160K, used 68163K [0x000000070ce00000, 0x0000000800000000)
  region size 2048K, 16 young (32768K), 3 survivors (6144K)
 Metaspace       used 57805K, committed 57984K, reserved 1114112K
  class space    used 6747K, committed 6848K, reserved 1048576K
}
Event: 4.723 GC heap after
{Heap after GC invocations=15 (full 0):
 garbage-first heap   total 92160K, used 46426K [0x000000070ce00000, 0x0000000800000000)
  region size 2048K, 2 young (4096K), 2 survivors (4096K)
 Metaspace       used 57805K, committed 57984K, reserved 1114112K
  class space    used 6747K, committed 6848K, reserved 1048576K
}
Event: 4.867 GC heap before
{Heap before GC invocations=15 (full 0):
 garbage-first heap   total 92160K, used 66906K [0x000000070ce00000, 0x0000000800000000)
  region size 2048K, 12 young (24576K), 2 survivors (4096K)
 Metaspace       used 57996K, committed 58240K, reserved 1114112K
  class space    used 6757K, committed 6848K, reserved 1048576K
}
Event: 4.881 GC heap after
{Heap after GC invocations=16 (full 0):
 garbage-first heap   total 92160K, used 51087K [0x000000070ce00000, 0x0000000800000000)
  region size 2048K, 2 young (4096K), 2 survivors (4096K)
 Metaspace       used 57996K, committed 58240K, reserved 1114112K
  class space    used 6757K, committed 6848K, reserved 1048576K
}
Event: 5.003 GC heap before
{Heap before GC invocations=17 (full 0):
 garbage-first heap   total 100352K, used 69519K [0x000000070ce00000, 0x0000000800000000)
  region size 2048K, 11 young (22528K), 2 survivors (4096K)
 Metaspace       used 58484K, committed 58752K, reserved 1114112K
  class space    used 6842K, committed 6976K, reserved 1048576K
}
Event: 5.012 GC heap after
{Heap after GC invocations=18 (full 0):
 garbage-first heap   total 100352K, used 54035K [0x000000070ce00000, 0x0000000800000000)
  region size 2048K, 2 young (4096K), 2 survivors (4096K)
 Metaspace       used 58484K, committed 58752K, reserved 1114112K
  class space    used 6842K, committed 6976K, reserved 1048576K
}
Event: 5.052 GC heap before
{Heap before GC invocations=18 (full 0):
 garbage-first heap   total 100352K, used 74515K [0x000000070ce00000, 0x0000000800000000)
  region size 2048K, 12 young (24576K), 2 survivors (4096K)
 Metaspace       used 58485K, committed 58752K, reserved 1114112K
  class space    used 6842K, committed 6976K, reserved 1048576K
}
Event: 5.057 GC heap after
{Heap after GC invocations=19 (full 0):
 garbage-first heap   total 159744K, used 53903K [0x000000070ce00000, 0x0000000800000000)
  region size 2048K, 2 young (4096K), 2 survivors (4096K)
 Metaspace       used 58485K, committed 58752K, reserved 1114112K
  class space    used 6842K, committed 6976K, reserved 1048576K
}
Event: 5.903 GC heap before
{Heap before GC invocations=20 (full 0):
 garbage-first heap   total 159744K, used 117391K [0x000000070ce00000, 0x0000000800000000)
  region size 2048K, 33 young (67584K), 2 survivors (4096K)
 Metaspace       used 63455K, committed 63680K, reserved 1114112K
  class space    used 7477K, committed 7552K, reserved 1048576K
}
Event: 5.913 GC heap after
{Heap after GC invocations=21 (full 0):
 garbage-first heap   total 159744K, used 59179K [0x000000070ce00000, 0x0000000800000000)
  region size 2048K, 4 young (8192K), 4 survivors (8192K)
 Metaspace       used 63455K, committed 63680K, reserved 1114112K
  class space    used 7477K, committed 7552K, reserved 1048576K
}
Event: 6.972 GC heap before
{Heap before GC invocations=21 (full 0):
 garbage-first heap   total 159744K, used 124715K [0x000000070ce00000, 0x0000000800000000)
  region size 2048K, 36 young (73728K), 4 survivors (8192K)
 Metaspace       used 67160K, committed 67456K, reserved 1114112K
  class space    used 7666K, committed 7808K, reserved 1048576K
}
Event: 6.988 GC heap after
{Heap after GC invocations=22 (full 0):
 garbage-first heap   total 159744K, used 68774K [0x000000070ce00000, 0x0000000800000000)
  region size 2048K, 5 young (10240K), 5 survivors (10240K)
 Metaspace       used 67160K, committed 67456K, reserved 1114112K
  class space    used 7666K, committed 7808K, reserved 1048576K
}
Event: 7.814 GC heap before
{Heap before GC invocations=22 (full 0):
 garbage-first heap   total 159744K, used 124070K [0x000000070ce00000, 0x0000000800000000)
  region size 2048K, 31 young (63488K), 5 survivors (10240K)
 Metaspace       used 68226K, committed 68544K, reserved 1114112K
  class space    used 7715K, committed 7872K, reserved 1048576K
}
Event: 7.827 GC heap after
{Heap after GC invocations=23 (full 0):
 garbage-first heap   total 159744K, used 78620K [0x000000070ce00000, 0x0000000800000000)
  region size 2048K, 4 young (8192K), 4 survivors (8192K)
 Metaspace       used 68226K, committed 68544K, reserved 1114112K
  class space    used 7715K, committed 7872K, reserved 1048576K
}
Event: 8.517 GC heap before
{Heap before GC invocations=23 (full 0):
 garbage-first heap   total 159744K, used 125724K [0x000000070ce00000, 0x0000000800000000)
  region size 2048K, 27 young (55296K), 4 survivors (8192K)
 Metaspace       used 68801K, committed 69184K, reserved 1114112K
  class space    used 7738K, committed 7936K, reserved 1048576K
}
Event: 8.531 GC heap after
{Heap after GC invocations=24 (full 0):
 garbage-first heap   total 159744K, used 83043K [0x000000070ce00000, 0x0000000800000000)
  region size 2048K, 3 young (6144K), 3 survivors (6144K)
 Metaspace       used 68801K, committed 69184K, reserved 1114112K
  class space    used 7738K, committed 7936K, reserved 1048576K
}
Event: 9.227 GC heap before
{Heap before GC invocations=24 (full 0):
 garbage-first heap   total 159744K, used 126051K [0x000000070ce00000, 0x0000000800000000)
  region size 2048K, 24 young (49152K), 3 survivors (6144K)
 Metaspace       used 69366K, committed 69696K, reserved 1114112K
  class space    used 7776K, committed 7936K, reserved 1048576K
}

